     1                                 %line 1+1 q2.asm
     2                                 
     3                                 
     4                                 
     5                                 [section .data]
     6                                 
     7                                 
     8                                 
     9                                 
    10                                 
    11                                 
    12 00000000 636976696300           spa1 db 'civic',0
    13                                 
    14                                 
    15                                 
    16 00000006 00                     btam1 db 0
    17                                 
    18                                 
    19                                 
    20                                 EXIT_SUCCESS equ 0
    21                                 SYS_exit equ 60
    22                                 
    23                                 
    24                                 
    25                                 
    26                                 
    27                                 [section .text]
    28                                 [global _start]
    29                                 _start:
    30 00000000 48C7C300000000          mov rbx, 0
    31                                 
    32                                 clen:
    33 00000007 48C7C0[00000000]        mov rax, spa1
    34 0000000E 803C1800                cmp byte[rax+rbx*1], 0
    35 00000012 7403                    je inicio
    36 00000014 48FFC3                  inc rbx
    37 00000017 EBEC                    jmp clen
    38                                 
    39                                 
    40                                 inicio:
    41 00000019 48C7C0[00000000]        mov rax, spa1
    42 00000020 408A30                  mov sil, byte[rax+0]
    43 00000023 48891C25[00000000]      mov qword[btam1], rbx
    44 0000002B 488B1425[00000000]      mov rdx, qword[btam1]
    45 00000033 4883EA01                sub rdx, 1
    46 00000037 48C7C100000000          mov rcx, 0
    47 0000003E 48C7C500000000          mov rbp, 0
    48                                 
    49                                 
    50                                 mainloop:
    51 00000045 4839D9                  cmp rcx, rbx
    52 00000048 7413                    je verifica
    53 0000004A 408A3408                mov sil, byte[rax+rcx*1]
    54 0000004E 408A3C10                mov dil, byte[rax+rdx*1]
    55 00000052 4038FE                  cmp sil, dil
    56 00000055 7414                    je contador
    57 00000057 48FFC1                  inc rcx
    58 0000005A 48FFCA                  dec rdx
    59 0000005D EBE4                    jmp mainloop
    60                                 
    61                                 verifica:
    62 0000005F 4839DD                  cmp rbp, rbx
    63 00000062 7412                    je resultado
    64 00000064 B300                    mov bl, 0
    65 00000066 881C25[00000000]        mov byte[sresultp], bl
    66                                 
    67                                 contador:
    68 0000006D 48FFC5                  inc rbp
    69 00000070 48FFC1                  inc rcx
    70 00000073 48FFCA                  dec rdx
    71 00000076 EBCB                    jmp mainloop
    72                                 
    73                                 resultado:
    74 00000078 B301                    mov bl, 1
    75 0000007A 881C25[00000000]        mov byte[sresultp], bl
    76                                 last:
    77 00000081 48C7C03C000000          mov rax, SYS_exit
    78 00000088 48C7C700000000          mov rdi, EXIT_SUCCESS
    79 0000008F 0F05                    syscall
