     1                                 %line 1+1 prog0.asm
     2                                 
     3                                 
     4                                 
     5                                 [section .data]
     6                                 
     7                                 
     8                                 
     9                                 
    10                                 
    11 00000000 0500000000000000       tamlista dq 5
    12 00000008 0503040102             blista db 5,3,4,1,2
    13                                 
    14                                 
    15                                 
    16                                 
    17                                 EXIT_SUCCESS equ 0
    18                                 SYS_exit equ 60
    19                                 
    20                                 
    21                                 
    22                                 
    23                                 
    24                                 [section .text]
    25                                 [global _start]
    26                                 _start:
    27                                 
    28 00000000 48C7C0[00000000]        mov rax, blista
    29                                 
    30                                 
    31 00000007 8A18                    mov bl, byte[rax+0]
    32 00000009 8A4801                  mov cl, byte[rax+1]
    33 0000000C 8A5002                  mov dl, byte[rax+2]
    34 0000000F 408A7003                mov sil, byte[rax+3]
    35 00000013 408A7804                mov dil, byte[rax+4]
    36                                 
    37                                 
    38                                 
    39                                 
    40                                 
    41                                 
    42                                 
    43 00000017 488B0C25[00000000]      mov rcx, qword[tamlista]
    44 0000001F 4883E901                sub rcx,1
    45 00000023 48890C25[00000000]      mov qword[tamlista], rcx
    46                                 
    47 0000002B 48C7C300000000          mov rbx, 0
    48 00000032 48C7C100000000          mov rcx, 0
    49 00000039 488B0C25[00000000]      mov rcx, qword[tamlista]
    50                                 
    51                                 
    52                                 
    53                                 
    54                                 
    55 00000041 48C7C200000000          mov rdx, 0
    56                                 
    57                                 
    58                                 
    59                                 
    60                                 
    61 00000048 48C7C600000000          mov rsi, 0
    62                                 
    63                                 
    64 0000004F 48C7C700000000          mov rdi, 0
    65                                 
    66                                 
    67                                 
    68                                 
    69                                 
    70                                 loopcmp:
    71 00000056 4839CB                  cmp rbx, rcx
    72 00000059 7412                    je verific
    73 0000005B 8A1418                  mov dl, byte[rax+rbx*1]
    74 0000005E 4889DF                  mov rdi, rbx
    75 00000061 48FFC3                  inc rbx
    76 00000064 408A3418                mov sil, byte[rax+rbx*1]
    77 00000068 4038F2                  cmp dl, sil
    78 0000006B 7719                    ja troca
    79 0000006D EBE5                    jmp loopcmp
    80                                 
    81                                 
    82                                 verific:
    83 0000006F 48C7C0[00000000]        mov rax, blista
    84                                 
    85                                 
    86                                 
    87 00000076 48FFC9                  dec rcx
    88 00000079 48C7C300000000          mov rbx,0
    89 00000080 4883F900                cmp rcx, 0
    90 00000084 740C                    je last
    91 00000086 EBCC                    jmp loopcmp
    92                                 
    93                                 troca:
    94 00000088 40883438                mov byte[rax+rdi*1], sil
    95 0000008C 48FFC7                  inc rdi
    96 0000008F 881438                  mov byte[rax+rdi*1], dl
    97 00000092 EBC0                   jmp loopcmp
    98                                 
    99                                 last:
   100 00000094 48C7C03C000000          mov rax, SYS_exit
   101 0000009B 48C7C700000000          mov rdi, EXIT_SUCCESS
   102 000000A2 0F05                    syscall
