     1                                 %line 1+1 q4.asm
     2                                 
     3                                 [global ordenar]
     4                                 ordenar:
     5                                 
     6                                 loopstart:
     7 00000000 4839DF                  cmp rdi, rbx
     8 00000003 742E                    je fimordenar
     9 00000005 8A0C38                  mov cl, byte[rax+rdi*1]
    10 00000008 4889FE                  mov rsi, rdi
    11 0000000B 4889FA                  mov rdx, rdi
    12                                 
    13                                 loopstart2:
    14 0000000E 4839DA                  cmp rdx, rbx
    15 00000011 7410                    je fimloop2
    16 00000013 48FFC2                  inc rdx
    17 00000016 3A0C10                  cmp cl, byte[rax+rdx*1]
    18 00000019 7F00                    jg loopse
    19                                 
    20 0000001B EBEF                    jmp loopstart2
    21                                 loopse:
    22 0000001D 8A0C10                  mov cl, byte[rax+rdx*1]
    23 00000020 4889D6                  mov rsi, rdx
    24                                 
    25 00000023 EBE7                    jmp loopstart2
    26                                 
    27                                 fimloop2:
    28 00000025 448A0438                mov r8b, byte[rax+rdi*1]
    29 00000029 44880430                mov byte[rax+rsi*1], r8b
    30 0000002D 880C38                  mov byte[rax+rdi*1], cl
    31 00000030 48FFC7                  inc rdi
    32 00000033 EBC9                    jmp loopstart
    33                                 fimordenar:
    34 00000035 C3                      ret
    35                                 
    36                                 
    37                                 
    38                                 
    39                                 
    40                                 [section .data]
    41                                 
    42                                 
    43                                 
    44 00000000 0809190301131E1432-    blist0 db 8,9,25,3,1,19,30,20,50,115,0
    45 00000000 7300               
    46 0000000B 0B                     blenlist0 db 11
    47                                 
    48                                 
    49 0000000C 8D32141E1301031909     blist1 db -115,50,20,30,19,1,3,25,9
    50 00000015 09                     blenlist1 db 9
    51                                 
    52 00000016 087309321914031E01-    blist2 db 8,115,9,50,25,20,3,30,1,19,19,14,2,5
    53 00000016 13130E0205         
    54 00000024 0E                     blenlist2 db 14
    55                                 
    56                                 
    57 00000025 08730932               blist3 db 8,115,9,50
    58 00000029 04                     blenlist3 db 4
    59                                 
    60                                 
    61                                 
    62                                 
    63                                 EXIT_SUCCESS equ 0
    64                                 SYS_exit equ 60
    65                                 
    66                                 
    67                                 
    68                                 
    69                                 
    70                                 [section .text]
    71                                 [global _start]
    72                                 _start:
    73                                 
    74                                 
    75                                 
    76 00000036 48C7C0[00000000]        mov rax, blist3
    77 0000003D 480FB61C25[00000000]      movzx rbx, byte[blenlist3]
    78 00000046 80EB01                  sub bl, 1
    79 00000049 48C7C700000000          mov rdi, 0
    80 00000050 E8A6FFFFFF              call ordenar
    81                                 
    82                                 
    83                                 
    84 00000055 48C7C0[00000000]        mov rax, blist0
    85 0000005C 480FB61C25[00000000]      movzx rbx, byte[blenlist0]
    86 00000065 80EB01                  sub bl, 1
    87 00000068 48C7C700000000          mov rdi, 0
    88 0000006F E887FFFFFF              call ordenar
    89                                 
    90                                 
    91                                 
    92 00000074 48C7C0[00000000]        mov rax, blist1
    93 0000007B 480FB61C25[00000000]      movzx rbx, byte[blenlist1]
    94 00000084 80EB01                  sub bl, 1
    95 00000087 48C7C700000000          mov rdi, 0
    96 0000008E E868FFFFFF              call ordenar
    97                                 
    98                                 
    99                                 
   100 00000093 48C7C0[00000000]        mov rax, blist2
   101 0000009A 480FB61C25[00000000]      movzx rbx, byte[blenlist2]
   102 000000A3 80EB01                  sub bl, 1
   103 000000A6 48C7C700000000          mov rdi, 0
   104 000000AD E849FFFFFF              call ordenar
   105                                 
   106                                 last:
   107 000000B2 48C7C03C000000          mov rax, SYS_exit
   108 000000B9 48C7C700000000          mov rdi, EXIT_SUCCESS
   109 000000C0 0F05                    syscall
